{"/home/giocom21/nodejs/vidly-api/index.js": {"path":"/home/giocom21/nodejs/vidly-api/index.js","statementMap":{"0":{"start":{"line":1,"column":16},"end":{"line":1,"column":34}},"1":{"start":{"line":2,"column":16},"end":{"line":2,"column":34}},"2":{"start":{"line":3,"column":17},"end":{"line":3,"column":51}},"3":{"start":{"line":4,"column":12},"end":{"line":4,"column":21}},"4":{"start":{"line":6,"column":0},"end":{"line":6,"column":44}},"5":{"start":{"line":7,"column":0},"end":{"line":7,"column":33}},"6":{"start":{"line":8,"column":0},"end":{"line":8,"column":29}},"7":{"start":{"line":9,"column":0},"end":{"line":9,"column":30}},"8":{"start":{"line":10,"column":0},"end":{"line":10,"column":34}},"9":{"start":{"line":12,"column":13},"end":{"line":12,"column":37}},"10":{"start":{"line":14,"column":15},"end":{"line":18,"column":2}},"11":{"start":{"line":15,"column":2},"end":{"line":17,"column":3}},"12":{"start":{"line":16,"column":4},"end":{"line":16,"column":47}},"13":{"start":{"line":20,"column":0},"end":{"line":20,"column":24}}},"fnMap":{"0":{"name":"(anonymous_0)","decl":{"start":{"line":14,"column":32},"end":{"line":14,"column":33}},"loc":{"start":{"line":14,"column":38},"end":{"line":18,"column":1}},"line":14}},"branchMap":{"0":{"loc":{"start":{"line":12,"column":13},"end":{"line":12,"column":37}},"type":"binary-expr","locations":[{"start":{"line":12,"column":13},"end":{"line":12,"column":29}},{"start":{"line":12,"column":33},"end":{"line":12,"column":37}}],"line":12},"1":{"loc":{"start":{"line":15,"column":2},"end":{"line":17,"column":3}},"type":"if","locations":[{"start":{"line":15,"column":2},"end":{"line":17,"column":3}},{"start":{"line":15,"column":2},"end":{"line":17,"column":3}}],"line":15}},"s":{"0":8,"1":8,"2":8,"3":8,"4":8,"5":8,"6":8,"7":8,"8":8,"9":8,"10":8,"11":8,"12":0,"13":8},"f":{"0":8},"b":{"0":[8,8],"1":[0,8]},"_coverageSchema":"1a1c01bbd47fc00a2c39e90264f33305004495a9","hash":"e2b5d4eacce3a0839dc484e6d66cfa0b64ab99a8"}
,"/home/giocom21/nodejs/vidly-api/src/middleware/admin.js": {"path":"/home/giocom21/nodejs/vidly-api/src/middleware/admin.js","statementMap":{"0":{"start":{"line":1,"column":0},"end":{"line":4,"column":2}},"1":{"start":{"line":2,"column":2},"end":{"line":2,"column":71}},"2":{"start":{"line":2,"column":25},"end":{"line":2,"column":71}},"3":{"start":{"line":3,"column":2},"end":{"line":3,"column":9}}},"fnMap":{"0":{"name":"(anonymous_0)","decl":{"start":{"line":1,"column":17},"end":{"line":1,"column":18}},"loc":{"start":{"line":1,"column":43},"end":{"line":4,"column":1}},"line":1}},"branchMap":{"0":{"loc":{"start":{"line":2,"column":2},"end":{"line":2,"column":71}},"type":"if","locations":[{"start":{"line":2,"column":2},"end":{"line":2,"column":71}},{"start":{"line":2,"column":2},"end":{"line":2,"column":71}}],"line":2}},"s":{"0":8,"1":15,"2":3,"3":12},"f":{"0":15},"b":{"0":[3,12]},"_coverageSchema":"1a1c01bbd47fc00a2c39e90264f33305004495a9","hash":"53fc2f38d669406d8a3e1e8243184599e0a43cab"}
,"/home/giocom21/nodejs/vidly-api/src/middleware/auth-middleware.js": {"path":"/home/giocom21/nodejs/vidly-api/src/middleware/auth-middleware.js","statementMap":{"0":{"start":{"line":1,"column":12},"end":{"line":1,"column":35}},"1":{"start":{"line":2,"column":15},"end":{"line":2,"column":32}},"2":{"start":{"line":4,"column":0},"end":{"line":15,"column":2}},"3":{"start":{"line":5,"column":16},"end":{"line":5,"column":42}},"4":{"start":{"line":6,"column":2},"end":{"line":6,"column":79}},"5":{"start":{"line":6,"column":14},"end":{"line":6,"column":79}},"6":{"start":{"line":8,"column":2},"end":{"line":14,"column":3}},"7":{"start":{"line":9,"column":20},"end":{"line":9,"column":66}},"8":{"start":{"line":10,"column":4},"end":{"line":10,"column":23}},"9":{"start":{"line":11,"column":4},"end":{"line":11,"column":11}},"10":{"start":{"line":13,"column":4},"end":{"line":13,"column":43}}},"fnMap":{"0":{"name":"(anonymous_0)","decl":{"start":{"line":4,"column":17},"end":{"line":4,"column":18}},"loc":{"start":{"line":4,"column":43},"end":{"line":15,"column":1}},"line":4}},"branchMap":{"0":{"loc":{"start":{"line":6,"column":2},"end":{"line":6,"column":79}},"type":"if","locations":[{"start":{"line":6,"column":2},"end":{"line":6,"column":79}},{"start":{"line":6,"column":2},"end":{"line":6,"column":79}}],"line":6}},"s":{"0":9,"1":9,"2":9,"3":100,"4":100,"5":14,"6":86,"7":86,"8":85,"9":85,"10":1},"f":{"0":100},"b":{"0":[14,86]},"_coverageSchema":"1a1c01bbd47fc00a2c39e90264f33305004495a9","hash":"9d78cb5ae3fd73bc3d831aa39c37911b77b381bc"}
,"/home/giocom21/nodejs/vidly-api/src/middleware/error.js": {"path":"/home/giocom21/nodejs/vidly-api/src/middleware/error.js","statementMap":{"0":{"start":{"line":1,"column":16},"end":{"line":1,"column":34}},"1":{"start":{"line":3,"column":0},"end":{"line":7,"column":2}},"2":{"start":{"line":4,"column":2},"end":{"line":4,"column":63}},"3":{"start":{"line":6,"column":2},"end":{"line":6,"column":56}}},"fnMap":{"0":{"name":"(anonymous_0)","decl":{"start":{"line":3,"column":17},"end":{"line":3,"column":18}},"loc":{"start":{"line":3,"column":48},"end":{"line":7,"column":1}},"line":3}},"branchMap":{},"s":{"0":8,"1":8,"2":0,"3":0},"f":{"0":0},"b":{},"_coverageSchema":"1a1c01bbd47fc00a2c39e90264f33305004495a9","hash":"18ad4eb3744465e99dfd3562bdbf3c461335e450"}
,"/home/giocom21/nodejs/vidly-api/src/middleware/logger.js": {"path":"/home/giocom21/nodejs/vidly-api/src/middleware/logger.js","statementMap":{"0":{"start":{"line":1,"column":16},"end":{"line":1,"column":34}},"1":{"start":{"line":2,"column":0},"end":{"line":2,"column":27}},"2":{"start":{"line":4,"column":17},"end":{"line":6,"column":2}},"3":{"start":{"line":8,"column":0},"end":{"line":8,"column":26}}},"fnMap":{},"branchMap":{},"s":{"0":8,"1":8,"2":8,"3":8},"f":{},"b":{},"_coverageSchema":"1a1c01bbd47fc00a2c39e90264f33305004495a9","hash":"ba61c5b21d99e818731157bf82e5f20ab2fb0969"}
,"/home/giocom21/nodejs/vidly-api/src/middleware/validateObjectId.js": {"path":"/home/giocom21/nodejs/vidly-api/src/middleware/validateObjectId.js","statementMap":{"0":{"start":{"line":1,"column":17},"end":{"line":1,"column":36}},"1":{"start":{"line":3,"column":0},"end":{"line":9,"column":2}},"2":{"start":{"line":4,"column":2},"end":{"line":6,"column":3}},"3":{"start":{"line":5,"column":4},"end":{"line":5,"column":47}},"4":{"start":{"line":8,"column":2},"end":{"line":8,"column":9}}},"fnMap":{"0":{"name":"(anonymous_0)","decl":{"start":{"line":3,"column":17},"end":{"line":3,"column":18}},"loc":{"start":{"line":3,"column":43},"end":{"line":9,"column":1}},"line":3}},"branchMap":{"0":{"loc":{"start":{"line":4,"column":2},"end":{"line":6,"column":3}},"type":"if","locations":[{"start":{"line":4,"column":2},"end":{"line":6,"column":3}},{"start":{"line":4,"column":2},"end":{"line":6,"column":3}}],"line":4}},"s":{"0":8,"1":8,"2":48,"3":9,"4":39},"f":{"0":48},"b":{"0":[9,39]},"_coverageSchema":"1a1c01bbd47fc00a2c39e90264f33305004495a9","hash":"0766969c95c42496b58556fea0e9623a577a6c2f"}
,"/home/giocom21/nodejs/vidly-api/src/models/customer-model.js": {"path":"/home/giocom21/nodejs/vidly-api/src/models/customer-model.js","statementMap":{"0":{"start":{"line":1,"column":17},"end":{"line":1,"column":36}},"1":{"start":{"line":2,"column":12},"end":{"line":2,"column":26}},"2":{"start":{"line":5,"column":17},"end":{"line":26,"column":1}},"3":{"start":{"line":30,"column":17},"end":{"line":34,"column":4}},"4":{"start":{"line":36,"column":2},"end":{"line":36,"column":35}},"5":{"start":{"line":39,"column":0},"end":{"line":39,"column":48}}},"fnMap":{"0":{"name":"validateCustomer","decl":{"start":{"line":29,"column":9},"end":{"line":29,"column":25}},"loc":{"start":{"line":29,"column":36},"end":{"line":37,"column":1}},"line":29}},"branchMap":{},"s":{"0":8,"1":8,"2":8,"3":15,"4":15,"5":8},"f":{"0":15},"b":{},"_coverageSchema":"1a1c01bbd47fc00a2c39e90264f33305004495a9","hash":"1ea0abdedf931ecdaa9c06585d18709c7561c1da"}
,"/home/giocom21/nodejs/vidly-api/src/models/genre-model.js": {"path":"/home/giocom21/nodejs/vidly-api/src/models/genre-model.js","statementMap":{"0":{"start":{"line":1,"column":12},"end":{"line":1,"column":26}},"1":{"start":{"line":2,"column":17},"end":{"line":2,"column":36}},"2":{"start":{"line":5,"column":20},"end":{"line":14,"column":2}},"3":{"start":{"line":17,"column":14},"end":{"line":17,"column":50}},"4":{"start":{"line":21,"column":17},"end":{"line":23,"column":4}},"5":{"start":{"line":25,"column":2},"end":{"line":25,"column":32}},"6":{"start":{"line":28,"column":0},"end":{"line":28,"column":55}}},"fnMap":{"0":{"name":"validateGenre","decl":{"start":{"line":20,"column":9},"end":{"line":20,"column":22}},"loc":{"start":{"line":20,"column":30},"end":{"line":26,"column":1}},"line":20}},"branchMap":{},"s":{"0":8,"1":8,"2":8,"3":8,"4":10,"5":10,"6":8},"f":{"0":10},"b":{},"_coverageSchema":"1a1c01bbd47fc00a2c39e90264f33305004495a9","hash":"9d9f73fbed079a256b98142fc34590a300d24c5c"}
,"/home/giocom21/nodejs/vidly-api/src/models/movie-model.js": {"path":"/home/giocom21/nodejs/vidly-api/src/models/movie-model.js","statementMap":{"0":{"start":{"line":1,"column":12},"end":{"line":1,"column":26}},"1":{"start":{"line":2,"column":17},"end":{"line":2,"column":36}},"2":{"start":{"line":3,"column":24},"end":{"line":3,"column":48}},"3":{"start":{"line":6,"column":14},"end":{"line":34,"column":1}},"4":{"start":{"line":38,"column":17},"end":{"line":43,"column":4}},"5":{"start":{"line":45,"column":2},"end":{"line":45,"column":32}},"6":{"start":{"line":48,"column":0},"end":{"line":48,"column":42}}},"fnMap":{"0":{"name":"validateMovie","decl":{"start":{"line":37,"column":9},"end":{"line":37,"column":22}},"loc":{"start":{"line":37,"column":30},"end":{"line":46,"column":1}},"line":37}},"branchMap":{},"s":{"0":8,"1":8,"2":8,"3":8,"4":21,"5":21,"6":8},"f":{"0":21},"b":{},"_coverageSchema":"1a1c01bbd47fc00a2c39e90264f33305004495a9","hash":"59ef77e1efe6dbbb1c62630885091db18377e9b2"}
,"/home/giocom21/nodejs/vidly-api/src/models/rental-model.js": {"path":"/home/giocom21/nodejs/vidly-api/src/models/rental-model.js","statementMap":{"0":{"start":{"line":1,"column":12},"end":{"line":1,"column":26}},"1":{"start":{"line":2,"column":17},"end":{"line":2,"column":36}},"2":{"start":{"line":4,"column":15},"end":{"line":60,"column":1}},"3":{"start":{"line":64,"column":17},"end":{"line":67,"column":4}},"4":{"start":{"line":69,"column":2},"end":{"line":69,"column":33}},"5":{"start":{"line":72,"column":0},"end":{"line":72,"column":44}}},"fnMap":{"0":{"name":"validateRental","decl":{"start":{"line":63,"column":9},"end":{"line":63,"column":23}},"loc":{"start":{"line":63,"column":32},"end":{"line":70,"column":1}},"line":63}},"branchMap":{},"s":{"0":8,"1":8,"2":8,"3":13,"4":13,"5":8},"f":{"0":13},"b":{},"_coverageSchema":"1a1c01bbd47fc00a2c39e90264f33305004495a9","hash":"e4b7acf7b2f8ba79d6be026b6af0e0dc01dac5bf"}
,"/home/giocom21/nodejs/vidly-api/src/models/user-model.js": {"path":"/home/giocom21/nodejs/vidly-api/src/models/user-model.js","statementMap":{"0":{"start":{"line":1,"column":12},"end":{"line":1,"column":26}},"1":{"start":{"line":2,"column":27},"end":{"line":2,"column":61}},"2":{"start":{"line":3,"column":12},"end":{"line":3,"column":35}},"3":{"start":{"line":4,"column":15},"end":{"line":4,"column":32}},"4":{"start":{"line":5,"column":17},"end":{"line":5,"column":36}},"5":{"start":{"line":8,"column":19},"end":{"line":32,"column":2}},"6":{"start":{"line":34,"column":0},"end":{"line":38,"column":2}},"7":{"start":{"line":35,"column":16},"end":{"line":35,"column":95}},"8":{"start":{"line":37,"column":2},"end":{"line":37,"column":15}},"9":{"start":{"line":41,"column":13},"end":{"line":41,"column":47}},"10":{"start":{"line":45,"column":17},"end":{"line":50,"column":4}},"11":{"start":{"line":52,"column":2},"end":{"line":52,"column":31}},"12":{"start":{"line":55,"column":0},"end":{"line":55,"column":52}}},"fnMap":{"0":{"name":"(anonymous_0)","decl":{"start":{"line":34,"column":39},"end":{"line":34,"column":40}},"loc":{"start":{"line":34,"column":51},"end":{"line":38,"column":1}},"line":34},"1":{"name":"validateUser","decl":{"start":{"line":44,"column":9},"end":{"line":44,"column":21}},"loc":{"start":{"line":44,"column":28},"end":{"line":53,"column":1}},"line":44}},"branchMap":{},"s":{"0":10,"1":10,"2":10,"3":10,"4":10,"5":10,"6":10,"7":105,"8":105,"9":10,"10":6,"11":6,"12":10},"f":{"0":105,"1":6},"b":{},"_coverageSchema":"1a1c01bbd47fc00a2c39e90264f33305004495a9","hash":"f632cac1a84e5c0825e0b6e13ef61718e3287271"}
,"/home/giocom21/nodejs/vidly-api/src/routes/auth.js": {"path":"/home/giocom21/nodejs/vidly-api/src/routes/auth.js","statementMap":{"0":{"start":{"line":1,"column":12},"end":{"line":1,"column":26}},"1":{"start":{"line":2,"column":27},"end":{"line":2,"column":61}},"2":{"start":{"line":3,"column":15},"end":{"line":3,"column":32}},"3":{"start":{"line":4,"column":16},"end":{"line":4,"column":34}},"4":{"start":{"line":5,"column":17},"end":{"line":5,"column":48}},"5":{"start":{"line":7,"column":15},"end":{"line":7,"column":31}},"6":{"start":{"line":10,"column":0},"end":{"line":23,"column":3}},"7":{"start":{"line":11,"column":20},"end":{"line":11,"column":38}},"8":{"start":{"line":12,"column":2},"end":{"line":12,"column":48}},"9":{"start":{"line":12,"column":13},"end":{"line":12,"column":48}},"10":{"start":{"line":14,"column":15},"end":{"line":14,"column":60}},"11":{"start":{"line":15,"column":2},"end":{"line":15,"column":72}},"12":{"start":{"line":15,"column":13},"end":{"line":15,"column":72}},"13":{"start":{"line":17,"column":24},"end":{"line":17,"column":78}},"14":{"start":{"line":18,"column":2},"end":{"line":18,"column":80}},"15":{"start":{"line":18,"column":22},"end":{"line":18,"column":80}},"16":{"start":{"line":20,"column":16},"end":{"line":20,"column":40}},"17":{"start":{"line":22,"column":2},"end":{"line":22,"column":64}},"18":{"start":{"line":27,"column":17},"end":{"line":30,"column":4}},"19":{"start":{"line":32,"column":2},"end":{"line":32,"column":30}},"20":{"start":{"line":35,"column":0},"end":{"line":35,"column":24}}},"fnMap":{"0":{"name":"(anonymous_0)","decl":{"start":{"line":10,"column":17},"end":{"line":10,"column":18}},"loc":{"start":{"line":10,"column":37},"end":{"line":23,"column":1}},"line":10},"1":{"name":"validate","decl":{"start":{"line":26,"column":9},"end":{"line":26,"column":17}},"loc":{"start":{"line":26,"column":23},"end":{"line":33,"column":1}},"line":26}},"branchMap":{"0":{"loc":{"start":{"line":12,"column":2},"end":{"line":12,"column":48}},"type":"if","locations":[{"start":{"line":12,"column":2},"end":{"line":12,"column":48}},{"start":{"line":12,"column":2},"end":{"line":12,"column":48}}],"line":12},"1":{"loc":{"start":{"line":15,"column":2},"end":{"line":15,"column":72}},"type":"if","locations":[{"start":{"line":15,"column":2},"end":{"line":15,"column":72}},{"start":{"line":15,"column":2},"end":{"line":15,"column":72}}],"line":15},"2":{"loc":{"start":{"line":18,"column":2},"end":{"line":18,"column":80}},"type":"if","locations":[{"start":{"line":18,"column":2},"end":{"line":18,"column":80}},{"start":{"line":18,"column":2},"end":{"line":18,"column":80}}],"line":18}},"s":{"0":8,"1":8,"2":8,"3":8,"4":8,"5":8,"6":8,"7":5,"8":5,"9":2,"10":3,"11":3,"12":1,"13":2,"14":2,"15":1,"16":1,"17":1,"18":5,"19":5,"20":8},"f":{"0":5,"1":5},"b":{"0":[2,3],"1":[1,2],"2":[1,1]},"_coverageSchema":"1a1c01bbd47fc00a2c39e90264f33305004495a9","hash":"3a8f96cf48ed548824b3e6c6406a8a713fa6e701"}
,"/home/giocom21/nodejs/vidly-api/src/routes/customers.js": {"path":"/home/giocom21/nodejs/vidly-api/src/routes/customers.js","statementMap":{"0":{"start":{"line":1,"column":16},"end":{"line":1,"column":34}},"1":{"start":{"line":2,"column":10},"end":{"line":2,"column":27}},"2":{"start":{"line":3,"column":39},"end":{"line":3,"column":74}},"3":{"start":{"line":4,"column":13},"end":{"line":4,"column":53}},"4":{"start":{"line":5,"column":14},"end":{"line":5,"column":44}},"5":{"start":{"line":6,"column":25},"end":{"line":6,"column":66}},"6":{"start":{"line":8,"column":15},"end":{"line":8,"column":31}},"7":{"start":{"line":11,"column":0},"end":{"line":15,"column":3}},"8":{"start":{"line":12,"column":19},"end":{"line":12,"column":60}},"9":{"start":{"line":14,"column":2},"end":{"line":14,"column":21}},"10":{"start":{"line":18,"column":0},"end":{"line":24,"column":3}},"11":{"start":{"line":19,"column":19},"end":{"line":19,"column":57}},"12":{"start":{"line":21,"column":2},"end":{"line":21,"column":94}},"13":{"start":{"line":21,"column":17},"end":{"line":21,"column":94}},"14":{"start":{"line":23,"column":2},"end":{"line":23,"column":21}},"15":{"start":{"line":27,"column":0},"end":{"line":36,"column":3}},"16":{"start":{"line":28,"column":20},"end":{"line":28,"column":46}},"17":{"start":{"line":29,"column":2},"end":{"line":29,"column":48}},"18":{"start":{"line":29,"column":13},"end":{"line":29,"column":48}},"19":{"start":{"line":31,"column":19},"end":{"line":31,"column":74}},"20":{"start":{"line":33,"column":19},"end":{"line":33,"column":40}},"21":{"start":{"line":35,"column":2},"end":{"line":35,"column":21}},"22":{"start":{"line":39,"column":0},"end":{"line":51,"column":3}},"23":{"start":{"line":40,"column":20},"end":{"line":40,"column":46}},"24":{"start":{"line":41,"column":2},"end":{"line":41,"column":48}},"25":{"start":{"line":41,"column":13},"end":{"line":41,"column":48}},"26":{"start":{"line":43,"column":19},"end":{"line":43,"column":57}},"27":{"start":{"line":45,"column":2},"end":{"line":45,"column":94}},"28":{"start":{"line":45,"column":17},"end":{"line":45,"column":94}},"29":{"start":{"line":47,"column":2},"end":{"line":47,"column":86}},"30":{"start":{"line":48,"column":2},"end":{"line":48,"column":68}},"31":{"start":{"line":50,"column":2},"end":{"line":50,"column":57}},"32":{"start":{"line":50,"column":37},"end":{"line":50,"column":55}},"33":{"start":{"line":54,"column":0},"end":{"line":60,"column":3}},"34":{"start":{"line":55,"column":19},"end":{"line":55,"column":66}},"35":{"start":{"line":57,"column":2},"end":{"line":57,"column":94}},"36":{"start":{"line":57,"column":17},"end":{"line":57,"column":94}},"37":{"start":{"line":59,"column":2},"end":{"line":59,"column":21}},"38":{"start":{"line":62,"column":0},"end":{"line":62,"column":24}}},"fnMap":{"0":{"name":"(anonymous_0)","decl":{"start":{"line":11,"column":16},"end":{"line":11,"column":17}},"loc":{"start":{"line":11,"column":36},"end":{"line":15,"column":1}},"line":11},"1":{"name":"(anonymous_1)","decl":{"start":{"line":18,"column":37},"end":{"line":18,"column":38}},"loc":{"start":{"line":18,"column":57},"end":{"line":24,"column":1}},"line":18},"2":{"name":"(anonymous_2)","decl":{"start":{"line":27,"column":23},"end":{"line":27,"column":24}},"loc":{"start":{"line":27,"column":43},"end":{"line":36,"column":1}},"line":27},"3":{"name":"(anonymous_3)","decl":{"start":{"line":39,"column":45},"end":{"line":39,"column":46}},"loc":{"start":{"line":39,"column":65},"end":{"line":51,"column":1}},"line":39},"4":{"name":"(anonymous_4)","decl":{"start":{"line":50,"column":23},"end":{"line":50,"column":24}},"loc":{"start":{"line":50,"column":37},"end":{"line":50,"column":55}},"line":50},"5":{"name":"(anonymous_5)","decl":{"start":{"line":54,"column":55},"end":{"line":54,"column":56}},"loc":{"start":{"line":54,"column":75},"end":{"line":60,"column":1}},"line":54}},"branchMap":{"0":{"loc":{"start":{"line":21,"column":2},"end":{"line":21,"column":94}},"type":"if","locations":[{"start":{"line":21,"column":2},"end":{"line":21,"column":94}},{"start":{"line":21,"column":2},"end":{"line":21,"column":94}}],"line":21},"1":{"loc":{"start":{"line":29,"column":2},"end":{"line":29,"column":48}},"type":"if","locations":[{"start":{"line":29,"column":2},"end":{"line":29,"column":48}},{"start":{"line":29,"column":2},"end":{"line":29,"column":48}}],"line":29},"2":{"loc":{"start":{"line":41,"column":2},"end":{"line":41,"column":48}},"type":"if","locations":[{"start":{"line":41,"column":2},"end":{"line":41,"column":48}},{"start":{"line":41,"column":2},"end":{"line":41,"column":48}}],"line":41},"3":{"loc":{"start":{"line":45,"column":2},"end":{"line":45,"column":94}},"type":"if","locations":[{"start":{"line":45,"column":2},"end":{"line":45,"column":94}},{"start":{"line":45,"column":2},"end":{"line":45,"column":94}}],"line":45},"4":{"loc":{"start":{"line":47,"column":20},"end":{"line":47,"column":85}},"type":"cond-expr","locations":[{"start":{"line":47,"column":52},"end":{"line":47,"column":67}},{"start":{"line":47,"column":70},"end":{"line":47,"column":85}}],"line":47},"5":{"loc":{"start":{"line":48,"column":19},"end":{"line":48,"column":67}},"type":"cond-expr","locations":[{"start":{"line":48,"column":36},"end":{"line":48,"column":50}},{"start":{"line":48,"column":53},"end":{"line":48,"column":67}}],"line":48},"6":{"loc":{"start":{"line":57,"column":2},"end":{"line":57,"column":94}},"type":"if","locations":[{"start":{"line":57,"column":2},"end":{"line":57,"column":94}},{"start":{"line":57,"column":2},"end":{"line":57,"column":94}}],"line":57}},"s":{"0":8,"1":8,"2":8,"3":8,"4":8,"5":8,"6":8,"7":8,"8":1,"9":1,"10":8,"11":2,"12":2,"13":1,"14":1,"15":8,"16":7,"17":7,"18":5,"19":2,"20":2,"21":2,"22":8,"23":8,"24":8,"25":3,"26":5,"27":5,"28":1,"29":4,"30":4,"31":4,"32":4,"33":8,"34":3,"35":3,"36":1,"37":2,"38":8},"f":{"0":1,"1":2,"2":7,"3":8,"4":4,"5":3},"b":{"0":[1,1],"1":[5,2],"2":[3,5],"3":[1,4],"4":[0,4],"5":[4,0],"6":[1,2]},"_coverageSchema":"1a1c01bbd47fc00a2c39e90264f33305004495a9","hash":"e1291fdf4dabe371079cfdca068eee12984b617a"}
,"/home/giocom21/nodejs/vidly-api/src/routes/genres.js": {"path":"/home/giocom21/nodejs/vidly-api/src/routes/genres.js","statementMap":{"0":{"start":{"line":1,"column":16},"end":{"line":1,"column":34}},"1":{"start":{"line":2,"column":33},"end":{"line":2,"column":65}},"2":{"start":{"line":3,"column":13},"end":{"line":3,"column":53}},"3":{"start":{"line":4,"column":14},"end":{"line":4,"column":44}},"4":{"start":{"line":5,"column":25},"end":{"line":5,"column":66}},"5":{"start":{"line":7,"column":15},"end":{"line":7,"column":31}},"6":{"start":{"line":10,"column":0},"end":{"line":14,"column":3}},"7":{"start":{"line":11,"column":17},"end":{"line":11,"column":55}},"8":{"start":{"line":13,"column":2},"end":{"line":13,"column":19}},"9":{"start":{"line":17,"column":0},"end":{"line":22,"column":3}},"10":{"start":{"line":18,"column":16},"end":{"line":18,"column":51}},"11":{"start":{"line":19,"column":2},"end":{"line":19,"column":88}},"12":{"start":{"line":19,"column":14},"end":{"line":19,"column":88}},"13":{"start":{"line":21,"column":2},"end":{"line":21,"column":18}},"14":{"start":{"line":25,"column":0},"end":{"line":33,"column":3}},"15":{"start":{"line":26,"column":20},"end":{"line":26,"column":43}},"16":{"start":{"line":27,"column":2},"end":{"line":27,"column":48}},"17":{"start":{"line":27,"column":13},"end":{"line":27,"column":48}},"18":{"start":{"line":29,"column":16},"end":{"line":29,"column":50}},"19":{"start":{"line":30,"column":19},"end":{"line":30,"column":37}},"20":{"start":{"line":32,"column":2},"end":{"line":32,"column":21}},"21":{"start":{"line":36,"column":0},"end":{"line":49,"column":3}},"22":{"start":{"line":37,"column":20},"end":{"line":37,"column":43}},"23":{"start":{"line":38,"column":2},"end":{"line":38,"column":48}},"24":{"start":{"line":38,"column":13},"end":{"line":38,"column":48}},"25":{"start":{"line":40,"column":16},"end":{"line":44,"column":3}},"26":{"start":{"line":46,"column":2},"end":{"line":46,"column":88}},"27":{"start":{"line":46,"column":14},"end":{"line":46,"column":88}},"28":{"start":{"line":48,"column":2},"end":{"line":48,"column":18}},"29":{"start":{"line":52,"column":0},"end":{"line":58,"column":3}},"30":{"start":{"line":53,"column":16},"end":{"line":53,"column":60}},"31":{"start":{"line":55,"column":2},"end":{"line":55,"column":88}},"32":{"start":{"line":55,"column":14},"end":{"line":55,"column":88}},"33":{"start":{"line":57,"column":2},"end":{"line":57,"column":18}},"34":{"start":{"line":60,"column":0},"end":{"line":60,"column":24}}},"fnMap":{"0":{"name":"(anonymous_0)","decl":{"start":{"line":10,"column":16},"end":{"line":10,"column":17}},"loc":{"start":{"line":10,"column":36},"end":{"line":14,"column":1}},"line":10},"1":{"name":"(anonymous_1)","decl":{"start":{"line":17,"column":37},"end":{"line":17,"column":38}},"loc":{"start":{"line":17,"column":57},"end":{"line":22,"column":1}},"line":17},"2":{"name":"(anonymous_2)","decl":{"start":{"line":25,"column":23},"end":{"line":25,"column":24}},"loc":{"start":{"line":25,"column":43},"end":{"line":33,"column":1}},"line":25},"3":{"name":"(anonymous_3)","decl":{"start":{"line":36,"column":45},"end":{"line":36,"column":46}},"loc":{"start":{"line":36,"column":65},"end":{"line":49,"column":1}},"line":36},"4":{"name":"(anonymous_4)","decl":{"start":{"line":52,"column":55},"end":{"line":52,"column":56}},"loc":{"start":{"line":52,"column":75},"end":{"line":58,"column":1}},"line":52}},"branchMap":{"0":{"loc":{"start":{"line":19,"column":2},"end":{"line":19,"column":88}},"type":"if","locations":[{"start":{"line":19,"column":2},"end":{"line":19,"column":88}},{"start":{"line":19,"column":2},"end":{"line":19,"column":88}}],"line":19},"1":{"loc":{"start":{"line":27,"column":2},"end":{"line":27,"column":48}},"type":"if","locations":[{"start":{"line":27,"column":2},"end":{"line":27,"column":48}},{"start":{"line":27,"column":2},"end":{"line":27,"column":48}}],"line":27},"2":{"loc":{"start":{"line":38,"column":2},"end":{"line":38,"column":48}},"type":"if","locations":[{"start":{"line":38,"column":2},"end":{"line":38,"column":48}},{"start":{"line":38,"column":2},"end":{"line":38,"column":48}}],"line":38},"3":{"loc":{"start":{"line":46,"column":2},"end":{"line":46,"column":88}},"type":"if","locations":[{"start":{"line":46,"column":2},"end":{"line":46,"column":88}},{"start":{"line":46,"column":2},"end":{"line":46,"column":88}}],"line":46},"4":{"loc":{"start":{"line":55,"column":2},"end":{"line":55,"column":88}},"type":"if","locations":[{"start":{"line":55,"column":2},"end":{"line":55,"column":88}},{"start":{"line":55,"column":2},"end":{"line":55,"column":88}}],"line":55}},"s":{"0":8,"1":8,"2":8,"3":8,"4":8,"5":8,"6":8,"7":1,"8":1,"9":8,"10":2,"11":2,"12":1,"13":1,"14":8,"15":5,"16":5,"17":2,"18":3,"19":3,"20":3,"21":8,"22":5,"23":5,"24":2,"25":3,"26":3,"27":1,"28":2,"29":8,"30":3,"31":3,"32":1,"33":2,"34":8},"f":{"0":1,"1":2,"2":5,"3":5,"4":3},"b":{"0":[1,1],"1":[2,3],"2":[2,3],"3":[1,2],"4":[1,2]},"_coverageSchema":"1a1c01bbd47fc00a2c39e90264f33305004495a9","hash":"be8b150fd3952a86b89147759ee2a099e608fc78"}
,"/home/giocom21/nodejs/vidly-api/src/routes/movies.js": {"path":"/home/giocom21/nodejs/vidly-api/src/routes/movies.js","statementMap":{"0":{"start":{"line":1,"column":16},"end":{"line":1,"column":34}},"1":{"start":{"line":2,"column":33},"end":{"line":2,"column":65}},"2":{"start":{"line":3,"column":18},"end":{"line":3,"column":50}},"3":{"start":{"line":4,"column":13},"end":{"line":4,"column":53}},"4":{"start":{"line":5,"column":14},"end":{"line":5,"column":44}},"5":{"start":{"line":6,"column":25},"end":{"line":6,"column":66}},"6":{"start":{"line":8,"column":15},"end":{"line":8,"column":31}},"7":{"start":{"line":11,"column":0},"end":{"line":15,"column":3}},"8":{"start":{"line":12,"column":16},"end":{"line":12,"column":54}},"9":{"start":{"line":14,"column":2},"end":{"line":14,"column":18}},"10":{"start":{"line":18,"column":0},"end":{"line":23,"column":3}},"11":{"start":{"line":19,"column":16},"end":{"line":19,"column":51}},"12":{"start":{"line":20,"column":2},"end":{"line":20,"column":88}},"13":{"start":{"line":20,"column":14},"end":{"line":20,"column":88}},"14":{"start":{"line":22,"column":2},"end":{"line":22,"column":18}},"15":{"start":{"line":26,"column":0},"end":{"line":42,"column":3}},"16":{"start":{"line":27,"column":20},"end":{"line":27,"column":43}},"17":{"start":{"line":28,"column":2},"end":{"line":28,"column":48}},"18":{"start":{"line":28,"column":13},"end":{"line":28,"column":48}},"19":{"start":{"line":30,"column":16},"end":{"line":30,"column":54}},"20":{"start":{"line":31,"column":2},"end":{"line":31,"column":88}},"21":{"start":{"line":31,"column":14},"end":{"line":31,"column":88}},"22":{"start":{"line":33,"column":16},"end":{"line":38,"column":4}},"23":{"start":{"line":39,"column":19},"end":{"line":39,"column":37}},"24":{"start":{"line":41,"column":2},"end":{"line":41,"column":21}},"25":{"start":{"line":45,"column":0},"end":{"line":64,"column":3}},"26":{"start":{"line":46,"column":20},"end":{"line":46,"column":43}},"27":{"start":{"line":47,"column":2},"end":{"line":47,"column":48}},"28":{"start":{"line":47,"column":13},"end":{"line":47,"column":48}},"29":{"start":{"line":49,"column":16},"end":{"line":49,"column":54}},"30":{"start":{"line":50,"column":2},"end":{"line":50,"column":88}},"31":{"start":{"line":50,"column":14},"end":{"line":50,"column":88}},"32":{"start":{"line":52,"column":16},"end":{"line":52,"column":51}},"33":{"start":{"line":53,"column":2},"end":{"line":53,"column":88}},"34":{"start":{"line":53,"column":14},"end":{"line":53,"column":88}},"35":{"start":{"line":55,"column":2},"end":{"line":55,"column":53}},"36":{"start":{"line":56,"column":2},"end":{"line":56,"column":94}},"37":{"start":{"line":57,"column":2},"end":{"line":59,"column":28}},"38":{"start":{"line":61,"column":19},"end":{"line":61,"column":37}},"39":{"start":{"line":63,"column":2},"end":{"line":63,"column":21}},"40":{"start":{"line":67,"column":0},"end":{"line":72,"column":3}},"41":{"start":{"line":68,"column":16},"end":{"line":68,"column":60}},"42":{"start":{"line":69,"column":2},"end":{"line":69,"column":88}},"43":{"start":{"line":69,"column":14},"end":{"line":69,"column":88}},"44":{"start":{"line":71,"column":2},"end":{"line":71,"column":18}},"45":{"start":{"line":74,"column":0},"end":{"line":74,"column":24}}},"fnMap":{"0":{"name":"(anonymous_0)","decl":{"start":{"line":11,"column":16},"end":{"line":11,"column":17}},"loc":{"start":{"line":11,"column":36},"end":{"line":15,"column":1}},"line":11},"1":{"name":"(anonymous_1)","decl":{"start":{"line":18,"column":37},"end":{"line":18,"column":38}},"loc":{"start":{"line":18,"column":57},"end":{"line":23,"column":1}},"line":18},"2":{"name":"(anonymous_2)","decl":{"start":{"line":26,"column":23},"end":{"line":26,"column":24}},"loc":{"start":{"line":26,"column":43},"end":{"line":42,"column":1}},"line":26},"3":{"name":"(anonymous_3)","decl":{"start":{"line":45,"column":45},"end":{"line":45,"column":46}},"loc":{"start":{"line":45,"column":65},"end":{"line":64,"column":1}},"line":45},"4":{"name":"(anonymous_4)","decl":{"start":{"line":67,"column":55},"end":{"line":67,"column":56}},"loc":{"start":{"line":67,"column":75},"end":{"line":72,"column":1}},"line":67}},"branchMap":{"0":{"loc":{"start":{"line":20,"column":2},"end":{"line":20,"column":88}},"type":"if","locations":[{"start":{"line":20,"column":2},"end":{"line":20,"column":88}},{"start":{"line":20,"column":2},"end":{"line":20,"column":88}}],"line":20},"1":{"loc":{"start":{"line":28,"column":2},"end":{"line":28,"column":48}},"type":"if","locations":[{"start":{"line":28,"column":2},"end":{"line":28,"column":48}},{"start":{"line":28,"column":2},"end":{"line":28,"column":48}}],"line":28},"2":{"loc":{"start":{"line":31,"column":2},"end":{"line":31,"column":88}},"type":"if","locations":[{"start":{"line":31,"column":2},"end":{"line":31,"column":88}},{"start":{"line":31,"column":2},"end":{"line":31,"column":88}}],"line":31},"3":{"loc":{"start":{"line":47,"column":2},"end":{"line":47,"column":48}},"type":"if","locations":[{"start":{"line":47,"column":2},"end":{"line":47,"column":48}},{"start":{"line":47,"column":2},"end":{"line":47,"column":48}}],"line":47},"4":{"loc":{"start":{"line":50,"column":2},"end":{"line":50,"column":88}},"type":"if","locations":[{"start":{"line":50,"column":2},"end":{"line":50,"column":88}},{"start":{"line":50,"column":2},"end":{"line":50,"column":88}}],"line":50},"5":{"loc":{"start":{"line":53,"column":2},"end":{"line":53,"column":88}},"type":"if","locations":[{"start":{"line":53,"column":2},"end":{"line":53,"column":88}},{"start":{"line":53,"column":2},"end":{"line":53,"column":88}}],"line":53},"6":{"loc":{"start":{"line":56,"column":24},"end":{"line":56,"column":93}},"type":"cond-expr","locations":[{"start":{"line":56,"column":49},"end":{"line":56,"column":71}},{"start":{"line":56,"column":74},"end":{"line":56,"column":93}}],"line":56},"7":{"loc":{"start":{"line":57,"column":26},"end":{"line":59,"column":27}},"type":"cond-expr","locations":[{"start":{"line":58,"column":6},"end":{"line":58,"column":30}},{"start":{"line":59,"column":6},"end":{"line":59,"column":27}}],"line":57},"8":{"loc":{"start":{"line":69,"column":2},"end":{"line":69,"column":88}},"type":"if","locations":[{"start":{"line":69,"column":2},"end":{"line":69,"column":88}},{"start":{"line":69,"column":2},"end":{"line":69,"column":88}}],"line":69}},"s":{"0":8,"1":8,"2":8,"3":8,"4":8,"5":8,"6":8,"7":8,"8":1,"9":1,"10":8,"11":2,"12":2,"13":1,"14":1,"15":8,"16":10,"17":10,"18":7,"19":3,"20":3,"21":1,"22":2,"23":2,"24":2,"25":8,"26":11,"27":11,"28":7,"29":4,"30":4,"31":1,"32":3,"33":3,"34":1,"35":2,"36":2,"37":2,"38":2,"39":2,"40":8,"41":3,"42":3,"43":1,"44":2,"45":8},"f":{"0":1,"1":2,"2":10,"3":11,"4":3},"b":{"0":[1,1],"1":[7,3],"2":[1,2],"3":[7,4],"4":[1,3],"5":[1,2],"6":[2,0],"7":[2,0],"8":[1,2]},"_coverageSchema":"1a1c01bbd47fc00a2c39e90264f33305004495a9","hash":"13c84eef26b9425597c04cc59eb98237e3aa7c12"}
,"/home/giocom21/nodejs/vidly-api/src/routes/rentals.js": {"path":"/home/giocom21/nodejs/vidly-api/src/routes/rentals.js","statementMap":{"0":{"start":{"line":1,"column":16},"end":{"line":1,"column":34}},"1":{"start":{"line":2,"column":35},"end":{"line":2,"column":68}},"2":{"start":{"line":3,"column":18},"end":{"line":3,"column":50}},"3":{"start":{"line":4,"column":21},"end":{"line":4,"column":56}},"4":{"start":{"line":5,"column":13},"end":{"line":5,"column":53}},"5":{"start":{"line":7,"column":15},"end":{"line":7,"column":31}},"6":{"start":{"line":10,"column":0},"end":{"line":14,"column":3}},"7":{"start":{"line":11,"column":17},"end":{"line":11,"column":60}},"8":{"start":{"line":13,"column":2},"end":{"line":13,"column":19}},"9":{"start":{"line":17,"column":0},"end":{"line":46,"column":3}},"10":{"start":{"line":18,"column":20},"end":{"line":18,"column":44}},"11":{"start":{"line":19,"column":2},"end":{"line":19,"column":48}},"12":{"start":{"line":19,"column":13},"end":{"line":19,"column":48}},"13":{"start":{"line":21,"column":19},"end":{"line":21,"column":63}},"14":{"start":{"line":22,"column":2},"end":{"line":22,"column":94}},"15":{"start":{"line":22,"column":17},"end":{"line":22,"column":94}},"16":{"start":{"line":24,"column":16},"end":{"line":24,"column":54}},"17":{"start":{"line":25,"column":2},"end":{"line":25,"column":88}},"18":{"start":{"line":25,"column":14},"end":{"line":25,"column":88}},"19":{"start":{"line":26,"column":2},"end":{"line":26,"column":89}},"20":{"start":{"line":26,"column":33},"end":{"line":26,"column":89}},"21":{"start":{"line":28,"column":17},"end":{"line":40,"column":4}},"22":{"start":{"line":42,"column":2},"end":{"line":42,"column":55}},"23":{"start":{"line":42,"column":35},"end":{"line":42,"column":53}},"24":{"start":{"line":44,"column":2},"end":{"line":44,"column":24}},"25":{"start":{"line":45,"column":2},"end":{"line":45,"column":21}},"26":{"start":{"line":48,"column":0},"end":{"line":48,"column":24}}},"fnMap":{"0":{"name":"(anonymous_0)","decl":{"start":{"line":10,"column":16},"end":{"line":10,"column":17}},"loc":{"start":{"line":10,"column":36},"end":{"line":14,"column":1}},"line":10},"1":{"name":"(anonymous_1)","decl":{"start":{"line":17,"column":23},"end":{"line":17,"column":24}},"loc":{"start":{"line":17,"column":43},"end":{"line":46,"column":1}},"line":17},"2":{"name":"(anonymous_2)","decl":{"start":{"line":42,"column":21},"end":{"line":42,"column":22}},"loc":{"start":{"line":42,"column":35},"end":{"line":42,"column":53}},"line":42}},"branchMap":{"0":{"loc":{"start":{"line":19,"column":2},"end":{"line":19,"column":48}},"type":"if","locations":[{"start":{"line":19,"column":2},"end":{"line":19,"column":48}},{"start":{"line":19,"column":2},"end":{"line":19,"column":48}}],"line":19},"1":{"loc":{"start":{"line":22,"column":2},"end":{"line":22,"column":94}},"type":"if","locations":[{"start":{"line":22,"column":2},"end":{"line":22,"column":94}},{"start":{"line":22,"column":2},"end":{"line":22,"column":94}}],"line":22},"2":{"loc":{"start":{"line":25,"column":2},"end":{"line":25,"column":88}},"type":"if","locations":[{"start":{"line":25,"column":2},"end":{"line":25,"column":88}},{"start":{"line":25,"column":2},"end":{"line":25,"column":88}}],"line":25},"3":{"loc":{"start":{"line":26,"column":2},"end":{"line":26,"column":89}},"type":"if","locations":[{"start":{"line":26,"column":2},"end":{"line":26,"column":89}},{"start":{"line":26,"column":2},"end":{"line":26,"column":89}}],"line":26}},"s":{"0":8,"1":8,"2":8,"3":8,"4":8,"5":8,"6":8,"7":1,"8":1,"9":8,"10":7,"11":7,"12":2,"13":5,"14":5,"15":1,"16":4,"17":4,"18":1,"19":3,"20":1,"21":2,"22":2,"23":2,"24":2,"25":2,"26":8},"f":{"0":1,"1":7,"2":2},"b":{"0":[2,5],"1":[1,4],"2":[1,3],"3":[1,2]},"_coverageSchema":"1a1c01bbd47fc00a2c39e90264f33305004495a9","hash":"b59a15bb3aa68fcc492e8de3aa33d82a57f2e513"}
,"/home/giocom21/nodejs/vidly-api/src/routes/returns.js": {"path":"/home/giocom21/nodejs/vidly-api/src/routes/returns.js","statementMap":{"0":{"start":{"line":1,"column":16},"end":{"line":1,"column":34}},"1":{"start":{"line":2,"column":35},"end":{"line":2,"column":68}},"2":{"start":{"line":3,"column":13},"end":{"line":3,"column":53}},"3":{"start":{"line":6,"column":15},"end":{"line":6,"column":31}},"4":{"start":{"line":9,"column":0},"end":{"line":26,"column":3}},"5":{"start":{"line":10,"column":20},"end":{"line":10,"column":44}},"6":{"start":{"line":11,"column":2},"end":{"line":11,"column":48}},"7":{"start":{"line":11,"column":13},"end":{"line":11,"column":48}},"8":{"start":{"line":13,"column":15},"end":{"line":16,"column":4}},"9":{"start":{"line":18,"column":2},"end":{"line":18,"column":63}},"10":{"start":{"line":18,"column":15},"end":{"line":18,"column":63}},"11":{"start":{"line":19,"column":2},"end":{"line":19,"column":85}},"12":{"start":{"line":19,"column":27},"end":{"line":19,"column":85}},"13":{"start":{"line":21,"column":2},"end":{"line":21,"column":35}},"14":{"start":{"line":23,"column":2},"end":{"line":23,"column":22}},"15":{"start":{"line":25,"column":2},"end":{"line":25,"column":19}},"16":{"start":{"line":28,"column":0},"end":{"line":28,"column":24}}},"fnMap":{"0":{"name":"(anonymous_0)","decl":{"start":{"line":9,"column":23},"end":{"line":9,"column":24}},"loc":{"start":{"line":9,"column":43},"end":{"line":26,"column":1}},"line":9}},"branchMap":{"0":{"loc":{"start":{"line":11,"column":2},"end":{"line":11,"column":48}},"type":"if","locations":[{"start":{"line":11,"column":2},"end":{"line":11,"column":48}},{"start":{"line":11,"column":2},"end":{"line":11,"column":48}}],"line":11},"1":{"loc":{"start":{"line":18,"column":2},"end":{"line":18,"column":63}},"type":"if","locations":[{"start":{"line":18,"column":2},"end":{"line":18,"column":63}},{"start":{"line":18,"column":2},"end":{"line":18,"column":63}}],"line":18},"2":{"loc":{"start":{"line":19,"column":2},"end":{"line":19,"column":85}},"type":"if","locations":[{"start":{"line":19,"column":2},"end":{"line":19,"column":85}},{"start":{"line":19,"column":2},"end":{"line":19,"column":85}}],"line":19}},"s":{"0":8,"1":8,"2":8,"3":8,"4":8,"5":6,"6":6,"7":2,"8":4,"9":4,"10":1,"11":3,"12":1,"13":2,"14":2,"15":2,"16":8},"f":{"0":6},"b":{"0":[2,4],"1":[1,3],"2":[1,2]},"_coverageSchema":"1a1c01bbd47fc00a2c39e90264f33305004495a9","hash":"710d45c67759481acd8d4391cd71de9f25d76368"}
,"/home/giocom21/nodejs/vidly-api/src/routes/users.js": {"path":"/home/giocom21/nodejs/vidly-api/src/routes/users.js","statementMap":{"0":{"start":{"line":1,"column":10},"end":{"line":1,"column":27}},"1":{"start":{"line":2,"column":15},"end":{"line":2,"column":32}},"2":{"start":{"line":3,"column":16},"end":{"line":3,"column":34}},"3":{"start":{"line":4,"column":31},"end":{"line":4,"column":62}},"4":{"start":{"line":5,"column":13},"end":{"line":5,"column":53}},"5":{"start":{"line":7,"column":15},"end":{"line":7,"column":31}},"6":{"start":{"line":9,"column":0},"end":{"line":13,"column":3}},"7":{"start":{"line":10,"column":15},"end":{"line":10,"column":68}},"8":{"start":{"line":12,"column":2},"end":{"line":12,"column":17}},"9":{"start":{"line":16,"column":0},"end":{"line":28,"column":3}},"10":{"start":{"line":17,"column":20},"end":{"line":17,"column":42}},"11":{"start":{"line":18,"column":2},"end":{"line":18,"column":48}},"12":{"start":{"line":18,"column":13},"end":{"line":18,"column":48}},"13":{"start":{"line":20,"column":13},"end":{"line":20,"column":58}},"14":{"start":{"line":21,"column":2},"end":{"line":21,"column":68}},"15":{"start":{"line":21,"column":12},"end":{"line":21,"column":68}},"16":{"start":{"line":23,"column":2},"end":{"line":23,"column":78}},"17":{"start":{"line":24,"column":15},"end":{"line":24,"column":39}},"18":{"start":{"line":25,"column":2},"end":{"line":25,"column":57}},"19":{"start":{"line":27,"column":2},"end":{"line":27,"column":87}},"20":{"start":{"line":27,"column":33},"end":{"line":27,"column":85}},"21":{"start":{"line":30,"column":0},"end":{"line":30,"column":24}}},"fnMap":{"0":{"name":"(anonymous_0)","decl":{"start":{"line":9,"column":24},"end":{"line":9,"column":25}},"loc":{"start":{"line":9,"column":44},"end":{"line":13,"column":1}},"line":9},"1":{"name":"(anonymous_1)","decl":{"start":{"line":16,"column":23},"end":{"line":16,"column":24}},"loc":{"start":{"line":16,"column":43},"end":{"line":28,"column":1}},"line":16},"2":{"name":"(anonymous_2)","decl":{"start":{"line":27,"column":19},"end":{"line":27,"column":20}},"loc":{"start":{"line":27,"column":33},"end":{"line":27,"column":85}},"line":27}},"branchMap":{"0":{"loc":{"start":{"line":18,"column":2},"end":{"line":18,"column":48}},"type":"if","locations":[{"start":{"line":18,"column":2},"end":{"line":18,"column":48}},{"start":{"line":18,"column":2},"end":{"line":18,"column":48}}],"line":18},"1":{"loc":{"start":{"line":21,"column":2},"end":{"line":21,"column":68}},"type":"if","locations":[{"start":{"line":21,"column":2},"end":{"line":21,"column":68}},{"start":{"line":21,"column":2},"end":{"line":21,"column":68}}],"line":21}},"s":{"0":8,"1":8,"2":8,"3":8,"4":8,"5":8,"6":8,"7":1,"8":1,"9":8,"10":6,"11":6,"12":3,"13":3,"14":3,"15":1,"16":2,"17":2,"18":2,"19":2,"20":2,"21":8},"f":{"0":1,"1":6,"2":2},"b":{"0":[3,3],"1":[1,2]},"_coverageSchema":"1a1c01bbd47fc00a2c39e90264f33305004495a9","hash":"cf980559bf0f2d277b282360a05742de883839c9"}
,"/home/giocom21/nodejs/vidly-api/startup/config.js": {"path":"/home/giocom21/nodejs/vidly-api/startup/config.js","statementMap":{"0":{"start":{"line":1,"column":15},"end":{"line":1,"column":32}},"1":{"start":{"line":3,"column":0},"end":{"line":7,"column":2}},"2":{"start":{"line":4,"column":2},"end":{"line":6,"column":3}},"3":{"start":{"line":5,"column":4},"end":{"line":5,"column":66}}},"fnMap":{"0":{"name":"(anonymous_0)","decl":{"start":{"line":3,"column":17},"end":{"line":3,"column":18}},"loc":{"start":{"line":3,"column":29},"end":{"line":7,"column":1}},"line":3}},"branchMap":{"0":{"loc":{"start":{"line":4,"column":2},"end":{"line":6,"column":3}},"type":"if","locations":[{"start":{"line":4,"column":2},"end":{"line":6,"column":3}},{"start":{"line":4,"column":2},"end":{"line":6,"column":3}}],"line":4}},"s":{"0":8,"1":8,"2":8,"3":0},"f":{"0":8},"b":{"0":[0,8]},"_coverageSchema":"1a1c01bbd47fc00a2c39e90264f33305004495a9","hash":"5cda40f7a3d590fdc245974c03ff6605aeb53506"}
,"/home/giocom21/nodejs/vidly-api/startup/db.js": {"path":"/home/giocom21/nodejs/vidly-api/startup/db.js","statementMap":{"0":{"start":{"line":1,"column":17},"end":{"line":1,"column":36}},"1":{"start":{"line":2,"column":16},"end":{"line":2,"column":34}},"2":{"start":{"line":3,"column":15},"end":{"line":3,"column":32}},"3":{"start":{"line":5,"column":0},"end":{"line":19,"column":2}},"4":{"start":{"line":6,"column":13},"end":{"line":6,"column":29}},"5":{"start":{"line":7,"column":2},"end":{"line":18,"column":7}},"6":{"start":{"line":15,"column":6},"end":{"line":17,"column":7}},"7":{"start":{"line":16,"column":8},"end":{"line":16,"column":67}}},"fnMap":{"0":{"name":"(anonymous_0)","decl":{"start":{"line":5,"column":17},"end":{"line":5,"column":18}},"loc":{"start":{"line":5,"column":32},"end":{"line":19,"column":1}},"line":5},"1":{"name":"(anonymous_1)","decl":{"start":{"line":14,"column":10},"end":{"line":14,"column":11}},"loc":{"start":{"line":14,"column":16},"end":{"line":18,"column":5}},"line":14}},"branchMap":{"0":{"loc":{"start":{"line":15,"column":6},"end":{"line":17,"column":7}},"type":"if","locations":[{"start":{"line":15,"column":6},"end":{"line":17,"column":7}},{"start":{"line":15,"column":6},"end":{"line":17,"column":7}}],"line":15}},"s":{"0":8,"1":8,"2":8,"3":8,"4":8,"5":8,"6":8,"7":0},"f":{"0":8,"1":8},"b":{"0":[0,8]},"_coverageSchema":"1a1c01bbd47fc00a2c39e90264f33305004495a9","hash":"2bce06aca02b7d10211d2fd07e8e0ffc7a14ee51"}
,"/home/giocom21/nodejs/vidly-api/startup/logging.js": {"path":"/home/giocom21/nodejs/vidly-api/startup/logging.js","statementMap":{"0":{"start":{"line":1,"column":16},"end":{"line":1,"column":34}},"1":{"start":{"line":2,"column":15},"end":{"line":2,"column":32}},"2":{"start":{"line":3,"column":0},"end":{"line":3,"column":27}},"3":{"start":{"line":4,"column":0},"end":{"line":4,"column":32}},"4":{"start":{"line":6,"column":0},"end":{"line":34,"column":2}},"5":{"start":{"line":7,"column":2},"end":{"line":7,"column":96}},"6":{"start":{"line":9,"column":2},"end":{"line":11,"column":5}},"7":{"start":{"line":10,"column":4},"end":{"line":10,"column":13}},"8":{"start":{"line":13,"column":2},"end":{"line":18,"column":4}},"9":{"start":{"line":19,"column":2},"end":{"line":24,"column":4}},"10":{"start":{"line":25,"column":2},"end":{"line":33,"column":3}},"11":{"start":{"line":26,"column":4},"end":{"line":32,"column":6}}},"fnMap":{"0":{"name":"(anonymous_0)","decl":{"start":{"line":6,"column":17},"end":{"line":6,"column":18}},"loc":{"start":{"line":6,"column":40},"end":{"line":34,"column":1}},"line":6},"1":{"name":"(anonymous_1)","decl":{"start":{"line":9,"column":35},"end":{"line":9,"column":36}},"loc":{"start":{"line":9,"column":43},"end":{"line":11,"column":3}},"line":9}},"branchMap":{"0":{"loc":{"start":{"line":25,"column":2},"end":{"line":33,"column":3}},"type":"if","locations":[{"start":{"line":25,"column":2},"end":{"line":33,"column":3}},{"start":{"line":25,"column":2},"end":{"line":33,"column":3}}],"line":25}},"s":{"0":8,"1":8,"2":8,"3":8,"4":8,"5":8,"6":8,"7":0,"8":8,"9":8,"10":8,"11":0},"f":{"0":8,"1":0},"b":{"0":[0,8]},"_coverageSchema":"1a1c01bbd47fc00a2c39e90264f33305004495a9","hash":"bb76ad0f152fd13a1b97986c654c0ce279eeccd8"}
,"/home/giocom21/nodejs/vidly-api/startup/routes.js": {"path":"/home/giocom21/nodejs/vidly-api/startup/routes.js","statementMap":{"0":{"start":{"line":1,"column":13},"end":{"line":1,"column":42}},"1":{"start":{"line":2,"column":14},"end":{"line":2,"column":44}},"2":{"start":{"line":3,"column":16},"end":{"line":3,"column":48}},"3":{"start":{"line":4,"column":15},"end":{"line":4,"column":46}},"4":{"start":{"line":5,"column":15},"end":{"line":5,"column":46}},"5":{"start":{"line":6,"column":18},"end":{"line":6,"column":52}},"6":{"start":{"line":7,"column":16},"end":{"line":7,"column":48}},"7":{"start":{"line":8,"column":14},"end":{"line":8,"column":48}},"8":{"start":{"line":9,"column":15},"end":{"line":9,"column":32}},"9":{"start":{"line":10,"column":16},"end":{"line":10,"column":34}},"10":{"start":{"line":11,"column":14},"end":{"line":11,"column":45}},"11":{"start":{"line":12,"column":15},"end":{"line":12,"column":32}},"12":{"start":{"line":14,"column":0},"end":{"line":31,"column":2}},"13":{"start":{"line":15,"column":2},"end":{"line":15,"column":26}},"14":{"start":{"line":16,"column":2},"end":{"line":16,"column":20}},"15":{"start":{"line":18,"column":2},"end":{"line":21,"column":3}},"16":{"start":{"line":19,"column":4},"end":{"line":19,"column":27}},"17":{"start":{"line":20,"column":4},"end":{"line":20,"column":28}},"18":{"start":{"line":23,"column":2},"end":{"line":23,"column":33}},"19":{"start":{"line":24,"column":2},"end":{"line":24,"column":39}},"20":{"start":{"line":25,"column":2},"end":{"line":25,"column":33}},"21":{"start":{"line":26,"column":2},"end":{"line":26,"column":35}},"22":{"start":{"line":27,"column":2},"end":{"line":27,"column":31}},"23":{"start":{"line":28,"column":2},"end":{"line":28,"column":29}},"24":{"start":{"line":29,"column":2},"end":{"line":29,"column":35}},"25":{"start":{"line":30,"column":2},"end":{"line":30,"column":17}}},"fnMap":{"0":{"name":"(anonymous_0)","decl":{"start":{"line":14,"column":17},"end":{"line":14,"column":18}},"loc":{"start":{"line":14,"column":32},"end":{"line":31,"column":1}},"line":14}},"branchMap":{"0":{"loc":{"start":{"line":18,"column":2},"end":{"line":21,"column":3}},"type":"if","locations":[{"start":{"line":18,"column":2},"end":{"line":21,"column":3}},{"start":{"line":18,"column":2},"end":{"line":21,"column":3}}],"line":18}},"s":{"0":8,"1":8,"2":8,"3":8,"4":8,"5":8,"6":8,"7":8,"8":8,"9":8,"10":8,"11":8,"12":8,"13":8,"14":8,"15":8,"16":0,"17":0,"18":8,"19":8,"20":8,"21":8,"22":8,"23":8,"24":8,"25":8},"f":{"0":8},"b":{"0":[0,8]},"_coverageSchema":"1a1c01bbd47fc00a2c39e90264f33305004495a9","hash":"6e62a710a3ba548a9fae428c50acd867f612f9ff"}
,"/home/giocom21/nodejs/vidly-api/startup/validation.js": {"path":"/home/giocom21/nodejs/vidly-api/startup/validation.js","statementMap":{"0":{"start":{"line":1,"column":12},"end":{"line":1,"column":26}},"1":{"start":{"line":3,"column":0},"end":{"line":5,"column":2}},"2":{"start":{"line":4,"column":2},"end":{"line":4,"column":46}}},"fnMap":{"0":{"name":"(anonymous_0)","decl":{"start":{"line":3,"column":17},"end":{"line":3,"column":18}},"loc":{"start":{"line":3,"column":29},"end":{"line":5,"column":1}},"line":3}},"branchMap":{},"s":{"0":8,"1":8,"2":8},"f":{"0":8},"b":{},"_coverageSchema":"1a1c01bbd47fc00a2c39e90264f33305004495a9","hash":"f49b9ea8bc41d528603ae45a029890a8a40950c3"}
}
