TN:
SF:index.js
FN:14,(anonymous_0)
FNF:1
FNH:1
FNDA:8,(anonymous_0)
DA:1,8
DA:2,8
DA:3,8
DA:4,8
DA:6,8
DA:7,8
DA:8,8
DA:9,8
DA:10,8
DA:12,8
DA:14,8
DA:15,8
DA:16,0
DA:20,8
LF:14
LH:13
BRDA:12,0,0,8
BRDA:12,0,1,8
BRDA:15,1,0,0
BRDA:15,1,1,8
BRF:4
BRH:3
end_of_record
TN:
SF:src/middleware/admin.js
FN:1,(anonymous_0)
FNF:1
FNH:1
FNDA:15,(anonymous_0)
DA:1,8
DA:2,15
DA:3,12
LF:3
LH:3
BRDA:2,0,0,3
BRDA:2,0,1,12
BRF:2
BRH:2
end_of_record
TN:
SF:src/middleware/auth-middleware.js
FN:4,(anonymous_0)
FNF:1
FNH:1
FNDA:100,(anonymous_0)
DA:1,9
DA:2,9
DA:4,9
DA:5,100
DA:6,100
DA:8,86
DA:9,86
DA:10,85
DA:11,85
DA:13,1
LF:10
LH:10
BRDA:6,0,0,14
BRDA:6,0,1,86
BRF:2
BRH:2
end_of_record
TN:
SF:src/middleware/error.js
FN:3,(anonymous_0)
FNF:1
FNH:0
FNDA:0,(anonymous_0)
DA:1,8
DA:3,8
DA:4,0
DA:6,0
LF:4
LH:2
BRF:0
BRH:0
end_of_record
TN:
SF:src/middleware/logger.js
FNF:0
FNH:0
DA:1,8
DA:2,8
DA:4,8
DA:8,8
LF:4
LH:4
BRF:0
BRH:0
end_of_record
TN:
SF:src/middleware/validateObjectId.js
FN:3,(anonymous_0)
FNF:1
FNH:1
FNDA:48,(anonymous_0)
DA:1,8
DA:3,8
DA:4,48
DA:5,9
DA:8,39
LF:5
LH:5
BRDA:4,0,0,9
BRDA:4,0,1,39
BRF:2
BRH:2
end_of_record
TN:
SF:src/models/customer-model.js
FN:29,validateCustomer
FNF:1
FNH:1
FNDA:15,validateCustomer
DA:1,8
DA:2,8
DA:5,8
DA:30,15
DA:36,15
DA:39,8
LF:6
LH:6
BRF:0
BRH:0
end_of_record
TN:
SF:src/models/genre-model.js
FN:20,validateGenre
FNF:1
FNH:1
FNDA:10,validateGenre
DA:1,8
DA:2,8
DA:5,8
DA:17,8
DA:21,10
DA:25,10
DA:28,8
LF:7
LH:7
BRF:0
BRH:0
end_of_record
TN:
SF:src/models/movie-model.js
FN:37,validateMovie
FNF:1
FNH:1
FNDA:21,validateMovie
DA:1,8
DA:2,8
DA:3,8
DA:6,8
DA:38,21
DA:45,21
DA:48,8
LF:7
LH:7
BRF:0
BRH:0
end_of_record
TN:
SF:src/models/rental-model.js
FN:63,validateRental
FNF:1
FNH:1
FNDA:13,validateRental
DA:1,8
DA:2,8
DA:4,8
DA:64,13
DA:69,13
DA:72,8
LF:6
LH:6
BRF:0
BRH:0
end_of_record
TN:
SF:src/models/user-model.js
FN:34,(anonymous_0)
FN:44,validateUser
FNF:2
FNH:2
FNDA:105,(anonymous_0)
FNDA:6,validateUser
DA:1,10
DA:2,10
DA:3,10
DA:4,10
DA:5,10
DA:8,10
DA:34,10
DA:35,105
DA:37,105
DA:41,10
DA:45,6
DA:52,6
DA:55,10
LF:13
LH:13
BRF:0
BRH:0
end_of_record
TN:
SF:src/routes/auth.js
FN:10,(anonymous_0)
FN:26,validate
FNF:2
FNH:2
FNDA:5,(anonymous_0)
FNDA:5,validate
DA:1,8
DA:2,8
DA:3,8
DA:4,8
DA:5,8
DA:7,8
DA:10,8
DA:11,5
DA:12,5
DA:14,3
DA:15,3
DA:17,2
DA:18,2
DA:20,1
DA:22,1
DA:27,5
DA:32,5
DA:35,8
LF:18
LH:18
BRDA:12,0,0,2
BRDA:12,0,1,3
BRDA:15,1,0,1
BRDA:15,1,1,2
BRDA:18,2,0,1
BRDA:18,2,1,1
BRF:6
BRH:6
end_of_record
TN:
SF:src/routes/customers.js
FN:11,(anonymous_0)
FN:18,(anonymous_1)
FN:27,(anonymous_2)
FN:39,(anonymous_3)
FN:50,(anonymous_4)
FN:54,(anonymous_5)
FNF:6
FNH:6
FNDA:1,(anonymous_0)
FNDA:2,(anonymous_1)
FNDA:7,(anonymous_2)
FNDA:8,(anonymous_3)
FNDA:4,(anonymous_4)
FNDA:3,(anonymous_5)
DA:1,8
DA:2,8
DA:3,8
DA:4,8
DA:5,8
DA:6,8
DA:8,8
DA:11,8
DA:12,1
DA:14,1
DA:18,8
DA:19,2
DA:21,2
DA:23,1
DA:27,8
DA:28,7
DA:29,7
DA:31,2
DA:33,2
DA:35,2
DA:39,8
DA:40,8
DA:41,8
DA:43,5
DA:45,5
DA:47,4
DA:48,4
DA:50,4
DA:54,8
DA:55,3
DA:57,3
DA:59,2
DA:62,8
LF:33
LH:33
BRDA:21,0,0,1
BRDA:21,0,1,1
BRDA:29,1,0,5
BRDA:29,1,1,2
BRDA:41,2,0,3
BRDA:41,2,1,5
BRDA:45,3,0,1
BRDA:45,3,1,4
BRDA:47,4,0,0
BRDA:47,4,1,4
BRDA:48,5,0,4
BRDA:48,5,1,0
BRDA:57,6,0,1
BRDA:57,6,1,2
BRF:14
BRH:12
end_of_record
TN:
SF:src/routes/genres.js
FN:10,(anonymous_0)
FN:17,(anonymous_1)
FN:25,(anonymous_2)
FN:36,(anonymous_3)
FN:52,(anonymous_4)
FNF:5
FNH:5
FNDA:1,(anonymous_0)
FNDA:2,(anonymous_1)
FNDA:5,(anonymous_2)
FNDA:5,(anonymous_3)
FNDA:3,(anonymous_4)
DA:1,8
DA:2,8
DA:3,8
DA:4,8
DA:5,8
DA:7,8
DA:10,8
DA:11,1
DA:13,1
DA:17,8
DA:18,2
DA:19,2
DA:21,1
DA:25,8
DA:26,5
DA:27,5
DA:29,3
DA:30,3
DA:32,3
DA:36,8
DA:37,5
DA:38,5
DA:40,3
DA:46,3
DA:48,2
DA:52,8
DA:53,3
DA:55,3
DA:57,2
DA:60,8
LF:30
LH:30
BRDA:19,0,0,1
BRDA:19,0,1,1
BRDA:27,1,0,2
BRDA:27,1,1,3
BRDA:38,2,0,2
BRDA:38,2,1,3
BRDA:46,3,0,1
BRDA:46,3,1,2
BRDA:55,4,0,1
BRDA:55,4,1,2
BRF:10
BRH:10
end_of_record
TN:
SF:src/routes/movies.js
FN:11,(anonymous_0)
FN:18,(anonymous_1)
FN:26,(anonymous_2)
FN:45,(anonymous_3)
FN:67,(anonymous_4)
FNF:5
FNH:5
FNDA:1,(anonymous_0)
FNDA:2,(anonymous_1)
FNDA:10,(anonymous_2)
FNDA:11,(anonymous_3)
FNDA:3,(anonymous_4)
DA:1,8
DA:2,8
DA:3,8
DA:4,8
DA:5,8
DA:6,8
DA:8,8
DA:11,8
DA:12,1
DA:14,1
DA:18,8
DA:19,2
DA:20,2
DA:22,1
DA:26,8
DA:27,10
DA:28,10
DA:30,3
DA:31,3
DA:33,2
DA:39,2
DA:41,2
DA:45,8
DA:46,11
DA:47,11
DA:49,4
DA:50,4
DA:52,3
DA:53,3
DA:55,2
DA:56,2
DA:57,2
DA:61,2
DA:63,2
DA:67,8
DA:68,3
DA:69,3
DA:71,2
DA:74,8
LF:39
LH:39
BRDA:20,0,0,1
BRDA:20,0,1,1
BRDA:28,1,0,7
BRDA:28,1,1,3
BRDA:31,2,0,1
BRDA:31,2,1,2
BRDA:47,3,0,7
BRDA:47,3,1,4
BRDA:50,4,0,1
BRDA:50,4,1,3
BRDA:53,5,0,1
BRDA:53,5,1,2
BRDA:56,6,0,2
BRDA:56,6,1,0
BRDA:57,7,0,2
BRDA:57,7,1,0
BRDA:69,8,0,1
BRDA:69,8,1,2
BRF:18
BRH:16
end_of_record
TN:
SF:src/routes/rentals.js
FN:10,(anonymous_0)
FN:17,(anonymous_1)
FN:42,(anonymous_2)
FNF:3
FNH:3
FNDA:1,(anonymous_0)
FNDA:7,(anonymous_1)
FNDA:2,(anonymous_2)
DA:1,8
DA:2,8
DA:3,8
DA:4,8
DA:5,8
DA:7,8
DA:10,8
DA:11,1
DA:13,1
DA:17,8
DA:18,7
DA:19,7
DA:21,5
DA:22,5
DA:24,4
DA:25,4
DA:26,3
DA:28,2
DA:42,2
DA:44,2
DA:45,2
DA:48,8
LF:22
LH:22
BRDA:19,0,0,2
BRDA:19,0,1,5
BRDA:22,1,0,1
BRDA:22,1,1,4
BRDA:25,2,0,1
BRDA:25,2,1,3
BRDA:26,3,0,1
BRDA:26,3,1,2
BRF:8
BRH:8
end_of_record
TN:
SF:src/routes/returns.js
FN:9,(anonymous_0)
FNF:1
FNH:1
FNDA:6,(anonymous_0)
DA:1,8
DA:2,8
DA:3,8
DA:6,8
DA:9,8
DA:10,6
DA:11,6
DA:13,4
DA:18,4
DA:19,3
DA:21,2
DA:23,2
DA:25,2
DA:28,8
LF:14
LH:14
BRDA:11,0,0,2
BRDA:11,0,1,4
BRDA:18,1,0,1
BRDA:18,1,1,3
BRDA:19,2,0,1
BRDA:19,2,1,2
BRF:6
BRH:6
end_of_record
TN:
SF:src/routes/users.js
FN:9,(anonymous_0)
FN:16,(anonymous_1)
FN:27,(anonymous_2)
FNF:3
FNH:3
FNDA:1,(anonymous_0)
FNDA:6,(anonymous_1)
FNDA:2,(anonymous_2)
DA:1,8
DA:2,8
DA:3,8
DA:4,8
DA:5,8
DA:7,8
DA:9,8
DA:10,1
DA:12,1
DA:16,8
DA:17,6
DA:18,6
DA:20,3
DA:21,3
DA:23,2
DA:24,2
DA:25,2
DA:27,2
DA:30,8
LF:19
LH:19
BRDA:18,0,0,3
BRDA:18,0,1,3
BRDA:21,1,0,1
BRDA:21,1,1,2
BRF:4
BRH:4
end_of_record
TN:
SF:startup/config.js
FN:3,(anonymous_0)
FNF:1
FNH:1
FNDA:8,(anonymous_0)
DA:1,8
DA:3,8
DA:4,8
DA:5,0
LF:4
LH:3
BRDA:4,0,0,0
BRDA:4,0,1,8
BRF:2
BRH:1
end_of_record
TN:
SF:startup/db.js
FN:5,(anonymous_0)
FN:14,(anonymous_1)
FNF:2
FNH:2
FNDA:8,(anonymous_0)
FNDA:8,(anonymous_1)
DA:1,8
DA:2,8
DA:3,8
DA:5,8
DA:6,8
DA:7,8
DA:15,8
DA:16,0
LF:8
LH:7
BRDA:15,0,0,0
BRDA:15,0,1,8
BRF:2
BRH:1
end_of_record
TN:
SF:startup/logging.js
FN:6,(anonymous_0)
FN:9,(anonymous_1)
FNF:2
FNH:1
FNDA:8,(anonymous_0)
FNDA:0,(anonymous_1)
DA:1,8
DA:2,8
DA:3,8
DA:4,8
DA:6,8
DA:7,8
DA:9,8
DA:10,0
DA:13,8
DA:19,8
DA:25,8
DA:26,0
LF:12
LH:10
BRDA:25,0,0,0
BRDA:25,0,1,8
BRF:2
BRH:1
end_of_record
TN:
SF:startup/routes.js
FN:14,(anonymous_0)
FNF:1
FNH:1
FNDA:8,(anonymous_0)
DA:1,8
DA:2,8
DA:3,8
DA:4,8
DA:5,8
DA:6,8
DA:7,8
DA:8,8
DA:9,8
DA:10,8
DA:11,8
DA:12,8
DA:14,8
DA:15,8
DA:16,8
DA:18,8
DA:19,0
DA:20,0
DA:23,8
DA:24,8
DA:25,8
DA:26,8
DA:27,8
DA:28,8
DA:29,8
DA:30,8
LF:26
LH:24
BRDA:18,0,0,0
BRDA:18,0,1,8
BRF:2
BRH:1
end_of_record
TN:
SF:startup/validation.js
FN:3,(anonymous_0)
FNF:1
FNH:1
FNDA:8,(anonymous_0)
DA:1,8
DA:3,8
DA:4,8
LF:3
LH:3
BRF:0
BRH:0
end_of_record
